<?xml version="1.0" encoding="UTF-8"?>
<project version="4">
  <component name="JUnitGeneratorProjectSettings">
    <option name="outputFilePattern" value="${SOURCEPATH}/src/test/assign251_2/${PACKAGE}/${FILENAME}" />
    <option name="selectedTemplateKey" value="JUnit 4" />
  </component>
</project>